Arguments: 
  C:\Program Files\nodejs\node.exe C:\Program Files (x86)\Yarn\bin\yarn.js add libpng-dev

PATH: 
  C:\Users\RMD\bin;C:\Program Files\Git\mingw64\bin;C:\Program Files\Git\usr\local\bin;C:\Program Files\Git\usr\bin;C:\Program Files\Git\usr\bin;C:\Program Files\Git\mingw64\bin;C:\Program Files\Git\usr\bin;C:\Users\RMD\bin;C:\Windows\system32;C:\Windows;C:\Windows\System32\Wbem;C:\Windows\System32\WindowsPowerShell\v1.0;C:\xampp\php;C:\Program Files\nodejs;C:\Program Files (x86)\Yarn\bin;C:\Users\RMD\AppData\Roaming\npm;C:\Users\RMD\AppData\Local\Yarn\bin;C:\Program Files\Git\usr\bin\vendor_perl;C:\Program Files\Git\usr\bin\core_perl

Yarn version: 
  1.12.3

Node version: 
  10.14.1

Platform: 
  win32 x64

Trace: 
  Error: https://registry.yarnpkg.com/libpng-dev: Not found
      at Request.params.callback [as _callback] (C:\Program Files (x86)\Yarn\lib\cli.js:65003:18)
      at Request.self.callback (C:\Program Files (x86)\Yarn\lib\cli.js:129018:22)
      at Request.emit (events.js:182:13)
      at Request.<anonymous> (C:\Program Files (x86)\Yarn\lib\cli.js:129990:10)
      at Request.emit (events.js:182:13)
      at IncomingMessage.<anonymous> (C:\Program Files (x86)\Yarn\lib\cli.js:129912:12)
      at Object.onceWrapper (events.js:273:13)
      at IncomingMessage.emit (events.js:187:15)
      at endReadableNT (_stream_readable.js:1094:12)
      at process._tickCallback (internal/process/next_tick.js:63:19)

npm manifest: 
  {
  	"name": "mythic",
  	"version": "1.0.0",
  	"description": "Mythic is a next-generation starter theme designed to help theme authors write elegant, intelligent, and modern code.",
  	"author": "Justin Tadlock",
  	"license": "GPL-2.0+",
  	"homepage": "https://themehybrid.com/themes/mythic",
  	"main": "resources/js/app.js",
  	"scripts": {
  		"build": "npm run prod && npm run i18n && npm run export",
  		"dev": "cross-env NODE_ENV=development node_modules/webpack/bin/webpack.js --progress --hide-modules --config=node_modules/laravel-mix/setup/webpack.config.js",
  		"watch": "cross-env NODE_ENV=development node_modules/webpack/bin/webpack.js --watch --progress --hide-modules --config=node_modules/laravel-mix/setup/webpack.config.js",
  		"watch:sync": "cross-env sync=1 NODE_ENV=development node_modules/webpack/bin/webpack.js --watch --progress --hide-modules --config=node_modules/laravel-mix/setup/webpack.config.js",
  		"hot": "cross-env sync=1 NODE_ENV=development webpack-dev-server --inline --hot --config=node_modules/laravel-mix/setup/webpack.config.js",
  		"prod": "cross-env NODE_ENV=production node_modules/webpack/bin/webpack.js --progress --hide-modules --config=node_modules/laravel-mix/setup/webpack.config.js",
  		"export": "cross-env export=1 NODE_ENV=production node_modules/webpack/bin/webpack.js --progress --hide-modules --config=node_modules/laravel-mix/setup/webpack.config.js",
  		"lint": "npm run lint:styles && npm run lint:scripts && npm run lint:php",
  		"lint:styles": "cross-env stylelint './resources/scss/**/*.scss' --syntax scss",
  		"lint:scripts": "cross-env eslint './resources/js/**/*.js'",
  		"lint:php": "cross-env ./vendor/bin/phpcs .",
  		"i18n": "npm run i18n:textdomain && npm run i18n:pot",
  		"i18n:textdomain": "npx wpi18n addtextdomain --exclude=vendor,node_modules",
  		"i18n:pot": "npx wpi18n makepot",
  		"rename": "theme-claim"
  	},
  	"repository": {
  		"type": "git",
  		"url": "git+https://github.com/justintadlock/mythic.git"
  	},
  	"bugs": {
  		"url": "https://github.com/justintadlock/mythic/issues"
  	},
  	"devDependencies": {
  		"browser-sync": "^2.26.3",
  		"browser-sync-webpack-plugin": "2.2.2",
  		"copy-webpack-plugin": "^4.5.4",
  		"cross-env": "^5.2.0",
  		"eslint": "^5.7.0",
  		"eslint-config-wordpress": "^2.0.0",
  		"imagemin-mozjpeg": "^6.0.0",
  		"imagemin-webpack-plugin": "^2.3.0",
  		"laravel-mix": "^2.1.14",
  		"node-wp-i18n": "^1.2.1",
  		"postcss-preset-env": "^5.3.0",
  		"rimraf": "^2.6.2",
  		"stylelint": "^9.6.0",
  		"stylelint-config-wordpress": "^13.1.0",
  		"theme-claim": "^0.1.2"
  	},
  	"dependencies": {
  		"imagemin": "^5.3.1"
  	}
  }

yarn manifest: 
  No manifest

Lockfile: 
  No lockfile
